<?xml version="1.0" encoding="UTF-8"?>
<!-- Generated by org.testng.reporters.JUnitReportReporter -->
<testsuite skipped="0" hostname="Agalys-MacBook-Pro.local" name="com.cybertek.sauceTest" tests="1" failures="0" timestamp="17 Dec 2018 01:47:35 GMT" time="8.459" errors="0">
  <testcase name="login" time="8.459" classname="com.cybertek.sauceTest"/>
</testsuite> <!-- com.cybertek.sauceTest -->
